<?xml version="1.0" encoding="UTF-8"?>
<testng-results ignored="0" total="8" passed="8" failed="0" skipped="0">
  <reporter-output>
  </reporter-output>
  <suite started-at="2021-06-19T15:16:11 AEST" name="TestNg" finished-at="2021-06-19T15:16:43 AEST" duration-ms="31564">
    <groups>
    </groups>
    <test started-at="2021-06-19T15:16:11 AEST" name="Jupiter Toy Application Test" finished-at="2021-06-19T15:16:43 AEST" duration-ms="31564">
      <class name="testPackages.TestCase1">
        <test-method signature="Test1(java.lang.String)[pri:0, instance:testPackages.TestCase1@419c5f1a]" started-at="2021-06-19T15:16:11 AEST" name="Test1" finished-at="2021-06-19T15:16:23 AEST" duration-ms="11965" status="PASS">
          <params>
            <param index="0">
              <value>
                <![CDATA[http://jupiter.cloud.planittesting.com]]>
              </value>
            </param>
          </params>
          <reporter-output>
          </reporter-output>
        </test-method> <!-- Test1 -->
      </class> <!-- testPackages.TestCase1 -->
      <class name="testPackages.TestCase2">
        <test-method signature="Test2(java.lang.String)[pri:0, instance:testPackages.TestCase2@4313f5bc]" started-at="2021-06-19T15:16:11 AEST" name="Test2" finished-at="2021-06-19T15:16:23 AEST" duration-ms="11672" status="PASS">
          <params>
            <param index="0">
              <value>
                <![CDATA[http://jupiter.cloud.planittesting.com]]>
              </value>
            </param>
          </params>
          <reporter-output>
          </reporter-output>
        </test-method> <!-- Test2 -->
        <test-method signature="Test2(java.lang.String)[pri:0, instance:testPackages.TestCase2@4313f5bc]" started-at="2021-06-19T15:16:23 AEST" name="Test2" finished-at="2021-06-19T15:16:28 AEST" duration-ms="5506" status="PASS">
          <params>
            <param index="0">
              <value>
                <![CDATA[http://jupiter.cloud.planittesting.com]]>
              </value>
            </param>
          </params>
          <reporter-output>
          </reporter-output>
        </test-method> <!-- Test2 -->
        <test-method signature="Test2(java.lang.String)[pri:0, instance:testPackages.TestCase2@4313f5bc]" started-at="2021-06-19T15:16:28 AEST" name="Test2" finished-at="2021-06-19T15:16:33 AEST" duration-ms="4740" status="PASS">
          <params>
            <param index="0">
              <value>
                <![CDATA[http://jupiter.cloud.planittesting.com]]>
              </value>
            </param>
          </params>
          <reporter-output>
          </reporter-output>
        </test-method> <!-- Test2 -->
        <test-method signature="Test2(java.lang.String)[pri:0, instance:testPackages.TestCase2@4313f5bc]" started-at="2021-06-19T15:16:33 AEST" name="Test2" finished-at="2021-06-19T15:16:38 AEST" duration-ms="4784" status="PASS">
          <params>
            <param index="0">
              <value>
                <![CDATA[http://jupiter.cloud.planittesting.com]]>
              </value>
            </param>
          </params>
          <reporter-output>
          </reporter-output>
        </test-method> <!-- Test2 -->
        <test-method signature="Test2(java.lang.String)[pri:0, instance:testPackages.TestCase2@4313f5bc]" started-at="2021-06-19T15:16:38 AEST" name="Test2" finished-at="2021-06-19T15:16:43 AEST" duration-ms="4814" status="PASS">
          <params>
            <param index="0">
              <value>
                <![CDATA[http://jupiter.cloud.planittesting.com]]>
              </value>
            </param>
          </params>
          <reporter-output>
          </reporter-output>
        </test-method> <!-- Test2 -->
      </class> <!-- testPackages.TestCase2 -->
      <class name="testPackages.TestCase3">
        <test-method signature="Test3(java.lang.String)[pri:0, instance:testPackages.TestCase3@778d1062]" started-at="2021-06-19T15:16:11 AEST" name="Test3" finished-at="2021-06-19T15:16:21 AEST" duration-ms="9760" status="PASS">
          <params>
            <param index="0">
              <value>
                <![CDATA[http://jupiter.cloud.planittesting.com]]>
              </value>
            </param>
          </params>
          <reporter-output>
          </reporter-output>
        </test-method> <!-- Test3 -->
      </class> <!-- testPackages.TestCase3 -->
      <class name="testPackages.TestCase4">
        <test-method signature="Test4(java.lang.String)[pri:0, instance:testPackages.TestCase4@670002]" started-at="2021-06-19T15:16:11 AEST" name="Test4" finished-at="2021-06-19T15:16:21 AEST" duration-ms="9726" status="PASS">
          <params>
            <param index="0">
              <value>
                <![CDATA[http://jupiter.cloud.planittesting.com]]>
              </value>
            </param>
          </params>
          <reporter-output>
          </reporter-output>
        </test-method> <!-- Test4 -->
      </class> <!-- testPackages.TestCase4 -->
    </test> <!-- Jupiter Toy Application Test -->
  </suite> <!-- TestNg -->
</testng-results>
