<?xml version="1.0" encoding="UTF-8"?>
<!-- Generated by org.testng.reporters.JUnitXMLReporter -->
<testsuite ignored="0" hostname="Nehas-MacBook-Air.local" failures="0" tests="8" name="Jupiter Toy Application Test" time="30.702" errors="0" timestamp="2021-06-19T16:07:14 AEST">
  <testcase classname="testPackages.TestCase4" name="Test4" time="9.208"/>
  <testcase classname="testPackages.TestCase3" name="Test3" time="9.614"/>
  <testcase classname="testPackages.TestCase1" name="Test1" time="10.868"/>
  <testcase classname="testPackages.TestCase2" name="Test2" time="11.174"/>
  <testcase classname="testPackages.TestCase2" name="Test2" time="5.002"/>
  <testcase classname="testPackages.TestCase2" name="Test2" time="4.955"/>
  <testcase classname="testPackages.TestCase2" name="Test2" time="4.809"/>
  <testcase classname="testPackages.TestCase2" name="Test2" time="4.714"/>
</testsuite> <!-- Jupiter Toy Application Test -->
