<?xml version="1.0" encoding="UTF-8"?>
<!-- Generated by org.testng.reporters.JUnitXMLReporter -->
<testsuite ignored="0" hostname="Nehas-MacBook-Air.local" failures="0" tests="8" name="Jupiter Toy Application Test" time="32.162" errors="0" timestamp="2021-06-19T14:31:20 AEST">
  <testcase classname="testPackages.TestCase3" name="Test3" time="9.534"/>
  <testcase classname="testPackages.TestCase4" name="Test4" time="9.97"/>
  <testcase classname="testPackages.TestCase2" name="Test2" time="11.414"/>
  <testcase classname="testPackages.TestCase1" name="Test1" time="11.953"/>
  <testcase classname="testPackages.TestCase2" name="Test2" time="5.268"/>
  <testcase classname="testPackages.TestCase2" name="Test2" time="4.818"/>
  <testcase classname="testPackages.TestCase2" name="Test2" time="5.228"/>
  <testcase classname="testPackages.TestCase2" name="Test2" time="5.379"/>
</testsuite> <!-- Jupiter Toy Application Test -->
