<?xml version="1.0" encoding="UTF-8"?>
<!-- Generated by org.testng.reporters.JUnitXMLReporter -->
<testsuite ignored="0" hostname="Nehas-MacBook-Air.local" failures="0" tests="8" name="Jupiter Toy Application Test" time="31.554" errors="0" timestamp="2021-06-19T15:26:31 AEST">
  <testcase classname="testPackages.TestCase3" name="Test3" time="9.835"/>
  <testcase classname="testPackages.TestCase4" name="Test4" time="10.308"/>
  <testcase classname="testPackages.TestCase2" name="Test2" time="11.444"/>
  <testcase classname="testPackages.TestCase1" name="Test1" time="12.479"/>
  <testcase classname="testPackages.TestCase2" name="Test2" time="5.328"/>
  <testcase classname="testPackages.TestCase2" name="Test2" time="4.708"/>
  <testcase classname="testPackages.TestCase2" name="Test2" time="4.868"/>
  <testcase classname="testPackages.TestCase2" name="Test2" time="5.166"/>
</testsuite> <!-- Jupiter Toy Application Test -->
